<?xml version="1.0" encoding="UTF-8"?>
<!-- Generated by org.testng.reporters.JUnitReportReporter -->
<testsuite skipped="0" hostname="DTW7BANGAT24" name="product.googlesearchcount" tests="1" failures="0" timestamp="02 Mar 2018 15:52:49 GMT" time="11.613" errors="0">
  <testcase name="cart" time="11.613" classname="product.googlesearchcount"/>
</testsuite> <!-- product.googlesearchcount -->
