<?xml version="1.0" encoding="UTF-8"?>
<!-- Generated by org.testng.reporters.JUnitReportReporter -->
<testsuite skipped="0" hostname="DTW7BANGAT24" name="product.catalog" tests="1" failures="0" timestamp="02 Mar 2018 12:20:25 GMT" time="18.635" errors="0">
  <testcase name="cart" time="18.635" classname="product.catalog"/>
</testsuite> <!-- product.catalog -->
